03:43:58:1944用户退出客户端主动断开连接
03:45:10:1358用户退出客户端主动断开连接
04:36:00:1921用户退出客户端主动断开连接
04:37:33:6554程序强制关闭，按任意键继续
04:42:17:2975程序强制关闭，按任意键继续
04:45:29:4284程序强制关闭，按任意键继续
04:49:05:1524程序强制关闭，按任意键继续
04:51:36:4613用户退出客户端主动断开连接
04:52:18:8435用户退出客户端主动断开连接
05:06:44:2368用户请求快速注册登录消息到达
05:06:44:2368ip = NetFrame.UserToken快速注册
05:06:44:2398新建人物 : 用户名称Lin10001密码Password
05:06:44:2408Lin10001上线成功
05:06:44:40671获取用户信息
05:08:15:5726用户退出客户端主动断开连接
05:09:34:7055用户请求快速注册登录消息到达
05:09:34:7065ip = NetFrame.UserToken快速注册
05:09:34:7095新建人物 : 用户名称Lin10001密码Password
05:09:34:7095Lin10001上线成功
05:09:34:76551获取用户信息
05:12:22:5773用户退出客户端主动断开连接
05:12:37:4002用户请求快速注册登录消息到达
05:12:37:4012ip = NetFrame.UserToken快速注册
05:12:37:4032新建人物 : 用户名称Lin10001密码Password
05:12:37:4042Lin10001上线成功
05:12:37:46121获取用户信息
05:15:39:2098用户退出客户端主动断开连接
05:16:11:0500用户请求快速注册登录消息到达
05:16:11:0510ip = NetFrame.UserToken快速注册
05:16:11:0540新建人物 : 用户名称Lin10001密码Password
05:16:11:0540Lin10001上线成功
05:16:11:11101获取用户信息
05:17:13:1280用户退出客户端主动断开连接
05:19:21:3724用户请求快速注册登录消息到达
05:19:21:3734ip = NetFrame.UserToken快速注册
05:19:21:3774新建人物 : 用户名称Lin10001密码Password
05:19:21:3774Lin10001上线成功
05:19:21:49231获取用户信息
05:20:25:2754用户退出客户端主动断开连接
05:20:43:3753用户请求快速注册登录消息到达
05:20:43:3763ip = NetFrame.UserToken快速注册
05:20:43:3793新建人物 : 用户名称Lin10001密码Password
05:20:43:3793Lin10001上线成功
05:20:43:43731获取用户信息
05:21:25:9681用户退出客户端主动断开连接
05:21:54:0610用户请求快速注册登录消息到达
05:21:54:0620ip = NetFrame.UserToken快速注册
05:21:54:0650新建人物 : 用户名称Lin10001密码Password
05:21:54:0650Lin10001上线成功
05:21:54:12291获取用户信息
05:23:08:0937用户退出客户端主动断开连接
05:23:49:1922用户请求快速注册登录消息到达
05:23:49:1922ip = NetFrame.UserToken快速注册
05:23:49:1952新建人物 : 用户名称Lin10001密码Password
05:23:49:1962Lin10001上线成功
05:23:49:25221获取用户信息
05:24:09:2708用户退出客户端主动断开连接
05:30:03:9608用户请求快速注册登录消息到达
05:30:03:9608ip = NetFrame.UserToken快速注册
05:30:03:9648新建人物 : 用户名称Lin10001密码Password
05:30:03:9648Lin10001上线成功
05:30:04:03121获取用户信息
05:30:53:7853用户退出客户端主动断开连接
05:52:59:1993程序强制关闭，按任意键继续
07:11:38:7996用户请求快速注册登录消息到达
07:11:38:7996ip = NetFrame.UserToken快速注册
07:11:38:8036新建人物 : 用户名称Lin10001密码Password
07:11:38:8036Lin10001上线成功
07:11:38:91951获取用户信息
07:11:59:2959程序强制关闭，按任意键继续
